<?xml version="1.0" encoding="UTF-8"?>
<!-- Generated by org.testng.reporters.JUnitReportReporter -->
<testsuite skipped="0" hostname="FrancisAlappat" name="com.testscenarios.Applevacations" tests="1" failures="0" timestamp="2022-01-05T19:27:42 MST" time="6.037" errors="0">
  <testcase name="f" time="6.037" classname="com.testscenarios.Applevacations"/>
  <system-out/>
</testsuite> <!-- com.testscenarios.Applevacations -->
