<?xml version="1.0" encoding="UTF-8"?>
<!-- Generated by org.testng.reporters.JUnitReportReporter -->
<testsuite skipped="0" hostname="FrancisAlappat" name="com.testscenarios.NewTest" tests="1" failures="0" timestamp="2021-12-27T18:20:46 MST" time="2.677" errors="0">
  <testcase name="f" time="2.677" classname="com.testscenarios.NewTest"/>
  <system-out/>
</testsuite> <!-- com.testscenarios.NewTest -->
