<?xml version="1.0" encoding="UTF-8"?>
<!-- Generated by org.testng.reporters.JUnitReportReporter -->
<testsuite skipped="0" hostname="FrancisAlappat" name="com.testscenarios.JRIAccount_creation" tests="1" failures="0" timestamp="2021-12-30T15:14:50 MST" time="9.732" errors="0">
  <testcase name="f" time="9.732" classname="com.testscenarios.JRIAccount_creation"/>
  <system-out/>
</testsuite> <!-- com.testscenarios.JRIAccount_creation -->
