<?xml version="1.0" encoding="UTF-8"?>
<!-- Generated by org.testng.reporters.JUnitReportReporter -->
<testsuite skipped="0" hostname="FrancisAlappat" name="com.testscenarios.FB_new" tests="2" failures="0" timestamp="2022-02-02T16:38:25 MST" time="10.659" errors="0">
  <testcase name="xyz" time="6.634" classname="com.testscenarios.FB_new"/>
  <system-out/>
  <testcase name="fbTest" time="4.025" classname="com.testscenarios.FB_new"/>
  <system-out/>
</testsuite> <!-- com.testscenarios.FB_new -->
