<?xml version="1.0" encoding="UTF-8"?>
<!-- Generated by org.testng.reporters.JUnitReportReporter -->
<testsuite skipped="0" hostname="FrancisAlappat" name="com.testscenarios.FB_new" tests="2" failures="0" timestamp="2022-01-04T16:50:17 MST" time="4.334" errors="0">
  <testcase name="fbTest" time="2.136" classname="com.testscenarios.FB_new"/>
  <system-out/>
  <testcase name="xyz" time="2.198" classname="com.testscenarios.FB_new"/>
  <system-out/>
</testsuite> <!-- com.testscenarios.FB_new -->
