<?xml version="1.0" encoding="UTF-8"?>
<!-- Generated by org.testng.reporters.JUnitReportReporter -->
<testsuite skipped="0" hostname="FrancisAlappat" name="com.testscenarios.Assignment10_blazedemo" tests="1" failures="0" timestamp="2022-01-02T21:00:37 MST" time="21.761" errors="0">
  <testcase name="f" time="21.761" classname="com.testscenarios.Assignment10_blazedemo"/>
  <system-out/>
</testsuite> <!-- com.testscenarios.Assignment10_blazedemo -->
