<?xml version="1.0" encoding="UTF-8"?>
<!-- Generated by org.testng.reporters.JUnitReportReporter -->
<testsuite skipped="0" hostname="FrancisAlappat" name="com.testscenarios.Student_Registration" tests="1" failures="0" timestamp="2022-01-05T10:02:04 MST" time="14.864" errors="0">
  <testcase name="abc" time="14.864" classname="com.testscenarios.Student_Registration"/>
  <system-out/>
</testsuite> <!-- com.testscenarios.Student_Registration -->
