<?xml version="1.0" encoding="UTF-8"?>
<!-- Generated by org.testng.reporters.JUnitReportReporter -->
<testsuite skipped="0" hostname="FrancisAlappat" name="com.testscenarios.NewTest1" tests="1" failures="0" timestamp="2021-12-29T15:09:22 MST" time="1.623" errors="0">
  <testcase name="f" time="1.623" classname="com.testscenarios.NewTest1"/>
  <system-out/>
</testsuite> <!-- com.testscenarios.NewTest1 -->
