<?xml version="1.0" encoding="UTF-8"?>
<!-- Generated by org.testng.reporters.JUnitReportReporter -->
<testsuite skipped="0" hostname="FrancisAlappat" name="com.testscenarios.FB_new" tests="2" failures="0" timestamp="2022-01-05T18:24:16 MST" time="9.585" errors="0">
  <testcase name="xyz" time="7.458" classname="com.testscenarios.FB_new"/>
  <system-out/>
  <testcase name="fbTest" time="2.127" classname="com.testscenarios.FB_new"/>
  <system-out/>
</testsuite> <!-- com.testscenarios.FB_new -->
