<?xml version="1.0" encoding="UTF-8"?>
<!-- Generated by org.testng.reporters.JUnitReportReporter -->
<testsuite skipped="0" hostname="FrancisAlappat" name="com.testscenarios.Student_Registration" tests="1" failures="0" timestamp="2022-01-12T19:30:15 MST" time="15.496" errors="0">
  <testcase name="abc" time="15.496" classname="com.testscenarios.Student_Registration"/>
  <system-out/>
</testsuite> <!-- com.testscenarios.Student_Registration -->
